<?xml version="1.0" encoding="UTF-8"?>
<!-- Generated by org.testng.reporters.JUnitXMLReporter -->
<testsuite ignored="0" hostname="DESKTOP-1MEI5CD" failures="0" tests="1" name="Test" time="0.031" errors="0" timestamp="2026-03-11T12:46:57 IST">
  <testcase classname="TestCase.BaseTest" name="@BeforeMethod setup" time="-1.773213417615E9">
    <failure type="org.testng.TestNGException" message="
Parameter &amp;apos;browser&amp;apos; is required by BeforeMethod on method setup but has not been marked @Optional or defined
in C:\Automation\Myworkspace\Seleniumwebdriver\Seleniumwebdriver\src\test\java\TestCase\DemoBlaze master.xml">
      <![CDATA[org.testng.TestNGException: 
Parameter 'browser' is required by BeforeMethod on method setup but has not been marked @Optional or defined
in C:\Automation\Myworkspace\Seleniumwebdriver\Seleniumwebdriver\src\test\java\TestCase\DemoBlaze master.xml
at java.base/java.util.ArrayList.forEach(ArrayList.java:1596)
... Removed 28 stack frames]]>
    </failure>
  </testcase> <!-- @BeforeMethod setup -->
  <testcase classname="TestCase.BaseTest" name="@AfterMethod captureFailure" time="-1.773213417625E9">
    <skipped/>
  </testcase> <!-- @AfterMethod captureFailure -->
  <testcase classname="TestCase.BaseTest" name="@AfterMethod tearDown" time="-1.773213417626E9">
    <skipped/>
  </testcase> <!-- @AfterMethod tearDown -->
  <testcase classname="TestCase.DemoBlaze" name="verifyDemoblazeEndToEndFlow" time="0.0">
    <skipped/>
  </testcase> <!-- verifyDemoblazeEndToEndFlow -->
</testsuite> <!-- Test -->
