<?xml version="1.0" encoding="UTF-8"?>
<testng-results ignored="0" total="2" passed="2" failed="0" skipped="0">
  <reporter-output>
  </reporter-output>
  <suite started-at="2026-03-11T13:06:45 IST" name="Suite" finished-at="2026-03-11T13:06:54 IST" duration-ms="9399">
    <groups>
    </groups>
    <test started-at="2026-03-11T13:06:45 IST" name="chromeTest" finished-at="2026-03-11T13:06:54 IST" duration-ms="9399">
      <class name="TestCase.DemoBlaze">
        <test-method is-config="true" signature="setup(java.lang.String)[pri:0, instance:TestCase.DemoBlaze@42e99e4a]" started-at="2026-03-11T13:06:45 IST" name="setup" finished-at="2026-03-11T13:06:48 IST" duration-ms="3043" status="PASS">
          <params>
            <param index="0">
              <value>
                <![CDATA[Chrome]]>
              </value>
            </param>
          </params>
          <reporter-output>
          </reporter-output>
        </test-method> <!-- setup -->
        <test-method signature="verifyDemoblazeEndToEndFlow()[pri:0, instance:TestCase.DemoBlaze@42e99e4a]" started-at="2026-03-11T13:06:48 IST" name="verifyDemoblazeEndToEndFlow" finished-at="2026-03-11T13:06:54 IST" duration-ms="6153" status="PASS">
          <reporter-output>
          </reporter-output>
        </test-method> <!-- verifyDemoblazeEndToEndFlow -->
        <test-method is-config="true" signature="captureFailure(org.testng.ITestResult)[pri:0, instance:TestCase.DemoBlaze@42e99e4a]" started-at="2026-03-11T13:06:54 IST" name="captureFailure" finished-at="2026-03-11T13:06:54 IST" duration-ms="1" status="PASS">
          <params>
            <param index="0">
              <value>
                <![CDATA[[TestResult name=verifyDemoblazeEndToEndFlow status=SUCCESS method=DemoBlaze.verifyDemoblazeEndToEndFlow()[pri:0, instance:TestCase.DemoBlaze@42e99e4a] output={null}]]]>
              </value>
            </param>
          </params>
          <reporter-output>
          </reporter-output>
        </test-method> <!-- captureFailure -->
        <test-method is-config="true" signature="tearDown()[pri:0, instance:TestCase.DemoBlaze@42e99e4a]" started-at="2026-03-11T13:06:54 IST" name="tearDown" finished-at="2026-03-11T13:06:54 IST" duration-ms="180" status="PASS">
          <reporter-output>
          </reporter-output>
        </test-method> <!-- tearDown -->
      </class> <!-- TestCase.DemoBlaze -->
    </test> <!-- chromeTest -->
    <test started-at="2026-03-11T13:06:45 IST" name="edgeTest" finished-at="2026-03-11T13:06:54 IST" duration-ms="9386">
      <class name="TestCase.DemoBlaze">
        <test-method is-config="true" signature="setup(java.lang.String)[pri:0, instance:TestCase.DemoBlaze@747ddf94]" started-at="2026-03-11T13:06:45 IST" name="setup" finished-at="2026-03-11T13:06:48 IST" duration-ms="3197" status="PASS">
          <params>
            <param index="0">
              <value>
                <![CDATA[edge]]>
              </value>
            </param>
          </params>
          <reporter-output>
          </reporter-output>
        </test-method> <!-- setup -->
        <test-method signature="verifyDemoblazeEndToEndFlow()[pri:0, instance:TestCase.DemoBlaze@747ddf94]" started-at="2026-03-11T13:06:48 IST" name="verifyDemoblazeEndToEndFlow" finished-at="2026-03-11T13:06:54 IST" duration-ms="5947" status="PASS">
          <reporter-output>
          </reporter-output>
        </test-method> <!-- verifyDemoblazeEndToEndFlow -->
        <test-method is-config="true" signature="captureFailure(org.testng.ITestResult)[pri:0, instance:TestCase.DemoBlaze@747ddf94]" started-at="2026-03-11T13:06:54 IST" name="captureFailure" finished-at="2026-03-11T13:06:54 IST" duration-ms="1" status="PASS">
          <params>
            <param index="0">
              <value>
                <![CDATA[[TestResult name=verifyDemoblazeEndToEndFlow status=SUCCESS method=DemoBlaze.verifyDemoblazeEndToEndFlow()[pri:0, instance:TestCase.DemoBlaze@747ddf94] output={null}]]]>
              </value>
            </param>
          </params>
          <reporter-output>
          </reporter-output>
        </test-method> <!-- captureFailure -->
        <test-method is-config="true" signature="tearDown()[pri:0, instance:TestCase.DemoBlaze@747ddf94]" started-at="2026-03-11T13:06:54 IST" name="tearDown" finished-at="2026-03-11T13:06:54 IST" duration-ms="216" status="PASS">
          <reporter-output>
          </reporter-output>
        </test-method> <!-- tearDown -->
      </class> <!-- TestCase.DemoBlaze -->
    </test> <!-- edgeTest -->
  </suite> <!-- Suite -->
</testng-results>
