<?xml version="1.0" encoding="UTF-8"?>
<!-- Generated by org.testng.reporters.JUnitReportReporter -->
<testsuite hostname="DESKTOP-1MEI5CD" failures="0" tests="3" name="testpratice.Practicewebsite" time="11.300" errors="0" timestamp="2026-02-24T19:54:07 IST" skipped="0">
  <testcase classname="testpratice.Practicewebsite" name="openapp" time="10.913"/>
  <system-out/>
  <testcase classname="testpratice.Practicewebsite" name="logoscreenshot" time="0.282"/>
  <system-out/>
  <testcase classname="testpratice.Practicewebsite" name="close" time="0.105"/>
  <system-out/>
</testsuite> <!-- testpratice.Practicewebsite -->
