<?xml version="1.0" encoding="UTF-8"?>
<!-- Generated by org.testng.reporters.JUnitReportReporter -->
<testsuite hostname="DESKTOP-1MEI5CD" failures="0" tests="3" name="tesngpratice.Practicewebsite" time="5.246" errors="0" timestamp="2025-01-03T10:56:45 IST" skipped="0">
  <testcase classname="tesngpratice.Practicewebsite" name="openapp" time="4.826"/>
  <system-out/>
  <testcase classname="tesngpratice.Practicewebsite" name="logoscreenshot" time="0.326"/>
  <system-out/>
  <testcase classname="tesngpratice.Practicewebsite" name="close" time="0.094"/>
  <system-out/>
</testsuite> <!-- tesngpratice.Practicewebsite -->
