<?xml version="1.0" encoding="UTF-8"?>
<!-- Generated by org.testng.reporters.JUnitReportReporter -->
<testsuite hostname="DESKTOP-1MEI5CD" failures="0" tests="2" name="TestCase.DemoBlaze" time="18.738" errors="0" timestamp="2026-03-11T13:06:54 IST" skipped="0">
  <testcase classname="TestCase.DemoBlaze" name="verifyDemoblazeEndToEndFlow" time="9.377"/>
  <system-out/>
  <testcase classname="TestCase.DemoBlaze" name="verifyDemoblazeEndToEndFlow" time="9.361"/>
  <system-out/>
</testsuite> <!-- TestCase.DemoBlaze -->
