<?xml version="1.0" encoding="UTF-8"?>
<!-- Generated by org.testng.reporters.JUnitReportReporter -->
<testsuite hostname="DESKTOP-1MEI5CD" failures="0" tests="3" name="tesngpratice.Practice" time="0.009" errors="0" timestamp="2025-03-13T12:14:38 IST" skipped="0">
  <testcase classname="tesngpratice.Practice" name="openapp" time="0.007"/>
  <system-out/>
  <testcase classname="tesngpratice.Practice" name="login" time="0.001"/>
  <system-out/>
  <testcase classname="tesngpratice.Practice" name="logout" time="0.001"/>
  <system-out/>
</testsuite> <!-- tesngpratice.Practice -->
